2019-04-23 08:16:29.036  INFO 13528 --- [http-nio-8011-exec-3] com.jh.controller.AuthController         : user login, body: {"uname":"admin","pwd":"123456"}
2019-04-23 08:16:29.081 DEBUG 13528 --- [http-nio-8011-exec-3] com.jh.mapper.SysUserMapper.selectList   : ==>  Preparing: SELECT uid AS `uid`,uname,nick,pwd,salt,`lock`,created,updated FROM sys_user WHERE (uname = ?) 
2019-04-23 08:16:29.082 DEBUG 13528 --- [http-nio-8011-exec-3] com.jh.mapper.SysUserMapper.selectList   : ==> Parameters: admin(String)
2019-04-23 08:16:29.084 DEBUG 13528 --- [http-nio-8011-exec-3] com.jh.mapper.SysUserMapper.selectList   : <==      Total: 1
2019-04-23 08:16:29.085 DEBUG 13528 --- [http-nio-8011-exec-3] c.j.m.SysRoleMapper.getRolesByUserId     : ==>  Preparing: SELECT r.rname,r.rval FROM sys_role r, sys_user_role ur WHERE r.rid = ur.role_id AND ur.user_id = ? 
2019-04-23 08:16:29.085 DEBUG 13528 --- [http-nio-8011-exec-3] c.j.m.SysRoleMapper.getRolesByUserId     : ==> Parameters: 986177923098808322(String)
2019-04-23 08:16:29.086 DEBUG 13528 --- [http-nio-8011-exec-3] c.j.m.SysRoleMapper.getRolesByUserId     : <==      Total: 1
2019-04-23 08:16:29.087 DEBUG 13528 --- [http-nio-8011-exec-3] c.j.m.SysPermMapper.getPermsByUserId     : ==>  Preparing: SELECT p.pname,p.pval FROM sys_perm p, sys_role_perm rp, sys_user_role ur WHERE p.pval = rp.perm_val AND ur.role_id = rp.role_id AND ur.user_id = ? 
2019-04-23 08:16:29.087 DEBUG 13528 --- [http-nio-8011-exec-3] c.j.m.SysPermMapper.getPermsByUserId     : ==> Parameters: 986177923098808322(String)
2019-04-23 08:16:29.088 DEBUG 13528 --- [http-nio-8011-exec-3] c.j.m.SysPermMapper.getPermsByUserId     : <==      Total: 1
2019-04-23 08:16:29.090  INFO 13528 --- [http-nio-8011-exec-3] com.jh.controller.AuthController         : user login: admin, sessionId: F3983ADF2D5F5F2906791B9F25100BFF
2019-04-23 08:16:41.839  INFO 13528 --- [http-nio-8011-exec-5] com.jh.controller.AuthController         : user login, body: {"uname":"admin","pwd":"123456"}
2019-04-23 08:16:41.843 DEBUG 13528 --- [http-nio-8011-exec-5] com.jh.mapper.SysUserMapper.selectList   : ==>  Preparing: SELECT uid AS `uid`,uname,nick,pwd,salt,`lock`,created,updated FROM sys_user WHERE (uname = ?) 
2019-04-23 08:16:41.843 DEBUG 13528 --- [http-nio-8011-exec-5] com.jh.mapper.SysUserMapper.selectList   : ==> Parameters: admin(String)
2019-04-23 08:16:41.848 DEBUG 13528 --- [http-nio-8011-exec-5] com.jh.mapper.SysUserMapper.selectList   : <==      Total: 1
2019-04-23 08:16:41.849 DEBUG 13528 --- [http-nio-8011-exec-5] c.j.m.SysRoleMapper.getRolesByUserId     : ==>  Preparing: SELECT r.rname,r.rval FROM sys_role r, sys_user_role ur WHERE r.rid = ur.role_id AND ur.user_id = ? 
2019-04-23 08:16:41.849 DEBUG 13528 --- [http-nio-8011-exec-5] c.j.m.SysRoleMapper.getRolesByUserId     : ==> Parameters: 986177923098808322(String)
2019-04-23 08:16:41.850 DEBUG 13528 --- [http-nio-8011-exec-5] c.j.m.SysRoleMapper.getRolesByUserId     : <==      Total: 1
2019-04-23 08:16:41.851 DEBUG 13528 --- [http-nio-8011-exec-5] c.j.m.SysPermMapper.getPermsByUserId     : ==>  Preparing: SELECT p.pname,p.pval FROM sys_perm p, sys_role_perm rp, sys_user_role ur WHERE p.pval = rp.perm_val AND ur.role_id = rp.role_id AND ur.user_id = ? 
2019-04-23 08:16:41.851 DEBUG 13528 --- [http-nio-8011-exec-5] c.j.m.SysPermMapper.getPermsByUserId     : ==> Parameters: 986177923098808322(String)
2019-04-23 08:16:41.853 DEBUG 13528 --- [http-nio-8011-exec-5] c.j.m.SysPermMapper.getPermsByUserId     : <==      Total: 1
2019-04-23 08:16:41.855  INFO 13528 --- [http-nio-8011-exec-5] com.jh.controller.AuthController         : user login: admin, sessionId: F3983ADF2D5F5F2906791B9F25100BFF
2019-04-23 11:15:27.939  INFO 22656 --- [restartedMain] com.jh.JHApplication                     : Starting JHApplication on LAPTOP-2GEQC9GE with PID 22656 (D:\new_project\jh_server\target\classes started by yang in D:\new_project\jh_server)
2019-04-23 11:15:27.941  INFO 22656 --- [restartedMain] com.jh.JHApplication                     : The following profiles are active: druid,mybatisplus,shiro,dev
2019-04-23 11:15:27.996  INFO 22656 --- [restartedMain] .e.DevToolsPropertyDefaultsPostProcessor : Devtools property defaults active! Set 'spring.devtools.add-properties' to 'false' to disable
2019-04-23 11:15:27.996  INFO 22656 --- [restartedMain] .e.DevToolsPropertyDefaultsPostProcessor : For additional web related logging consider setting the 'logging.level.web' property to 'DEBUG'
2019-04-23 11:15:28.692  WARN 22656 --- [restartedMain] o.m.s.mapper.ClassPathMapperScanner      : Skipping MapperFactoryBean with name 'sysPermMapper' and 'com.jh.mapper.SysPermMapper' mapperInterface. Bean already defined with the same name!
2019-04-23 11:15:28.692  WARN 22656 --- [restartedMain] o.m.s.mapper.ClassPathMapperScanner      : Skipping MapperFactoryBean with name 'sysRoleMapper' and 'com.jh.mapper.SysRoleMapper' mapperInterface. Bean already defined with the same name!
2019-04-23 11:15:28.692  WARN 22656 --- [restartedMain] o.m.s.mapper.ClassPathMapperScanner      : Skipping MapperFactoryBean with name 'sysRolePermMapper' and 'com.jh.mapper.SysRolePermMapper' mapperInterface. Bean already defined with the same name!
2019-04-23 11:15:28.692  WARN 22656 --- [restartedMain] o.m.s.mapper.ClassPathMapperScanner      : Skipping MapperFactoryBean with name 'sysUserMapper' and 'com.jh.mapper.SysUserMapper' mapperInterface. Bean already defined with the same name!
2019-04-23 11:15:28.692  WARN 22656 --- [restartedMain] o.m.s.mapper.ClassPathMapperScanner      : Skipping MapperFactoryBean with name 'sysUserRoleMapper' and 'com.jh.mapper.SysUserRoleMapper' mapperInterface. Bean already defined with the same name!
2019-04-23 11:15:28.692  WARN 22656 --- [restartedMain] o.m.s.mapper.ClassPathMapperScanner      : No MyBatis mapper was found in '[com.jh.mapper]' package. Please check your configuration.
2019-04-23 11:15:28.888  INFO 22656 --- [restartedMain] .s.d.r.c.RepositoryConfigurationDelegate : Bootstrapping Spring Data repositories in DEFAULT mode.
2019-04-23 11:15:28.929  INFO 22656 --- [restartedMain] .s.d.r.c.RepositoryConfigurationDelegate : Finished Spring Data repository scanning in 33ms. Found 0 repository interfaces.
2019-04-23 11:15:29.180  INFO 22656 --- [restartedMain] trationDelegate$BeanPostProcessorChecker : Bean 'org.apache.shiro.spring.boot.autoconfigure.ShiroBeanAutoConfiguration' of type [org.apache.shiro.spring.boot.autoconfigure.ShiroBeanAutoConfiguration$$EnhancerBySpringCGLIB$$c6c2010d] is not eligible for getting processed by all BeanPostProcessors (for example: not eligible for auto-proxying)
2019-04-23 11:15:29.257  INFO 22656 --- [restartedMain] trationDelegate$BeanPostProcessorChecker : Bean 'org.springframework.transaction.annotation.ProxyTransactionManagementConfiguration' of type [org.springframework.transaction.annotation.ProxyTransactionManagementConfiguration$$EnhancerBySpringCGLIB$$b3a9235d] is not eligible for getting processed by all BeanPostProcessors (for example: not eligible for auto-proxying)
2019-04-23 11:15:29.271  INFO 22656 --- [restartedMain] trationDelegate$BeanPostProcessorChecker : Bean 'org.apache.shiro.spring.boot.autoconfigure.ShiroAnnotationProcessorAutoConfiguration' of type [org.apache.shiro.spring.boot.autoconfigure.ShiroAnnotationProcessorAutoConfiguration$$EnhancerBySpringCGLIB$$c9553fb2] is not eligible for getting processed by all BeanPostProcessors (for example: not eligible for auto-proxying)
2019-04-23 11:15:29.282  INFO 22656 --- [restartedMain] trationDelegate$BeanPostProcessorChecker : Bean 'eventBus' of type [org.apache.shiro.event.support.DefaultEventBus] is not eligible for getting processed by all BeanPostProcessors (for example: not eligible for auto-proxying)
2019-04-23 11:15:29.310  INFO 22656 --- [restartedMain] trationDelegate$BeanPostProcessorChecker : Bean 'org.apache.shiro.spring.config.web.autoconfigure.ShiroWebAutoConfiguration' of type [org.apache.shiro.spring.config.web.autoconfigure.ShiroWebAutoConfiguration$$EnhancerBySpringCGLIB$$eb5e6177] is not eligible for getting processed by all BeanPostProcessors (for example: not eligible for auto-proxying)
2019-04-23 11:15:29.312  INFO 22656 --- [restartedMain] trationDelegate$BeanPostProcessorChecker : Bean 'shiroConfig' of type [com.jh.config.ShiroConfig$$EnhancerBySpringCGLIB$$6dd04fcc] is not eligible for getting processed by all BeanPostProcessors (for example: not eligible for auto-proxying)
2019-04-23 11:15:29.418  INFO 22656 --- [restartedMain] trationDelegate$BeanPostProcessorChecker : Bean 'mybatis-plus-com.baomidou.mybatisplus.spring.boot.starter.MybatisPlusProperties' of type [com.baomidou.mybatisplus.spring.boot.starter.MybatisPlusProperties] is not eligible for getting processed by all BeanPostProcessors (for example: not eligible for auto-proxying)
2019-04-23 11:15:29.422  INFO 22656 --- [restartedMain] trationDelegate$BeanPostProcessorChecker : Bean 'myBatisPlusConfig' of type [com.jh.config.MyBatisPlusConfig$$EnhancerBySpringCGLIB$$368ed108] is not eligible for getting processed by all BeanPostProcessors (for example: not eligible for auto-proxying)
2019-04-23 11:15:29.424  INFO 22656 --- [restartedMain] trationDelegate$BeanPostProcessorChecker : Bean 'paginationInterceptor' of type [com.baomidou.mybatisplus.plugins.PaginationInterceptor] is not eligible for getting processed by all BeanPostProcessors (for example: not eligible for auto-proxying)
2019-04-23 11:15:29.429  INFO 22656 --- [restartedMain] trationDelegate$BeanPostProcessorChecker : Bean 'com.baomidou.mybatisplus.spring.boot.starter.MybatisPlusAutoConfiguration' of type [com.baomidou.mybatisplus.spring.boot.starter.MybatisPlusAutoConfiguration$$EnhancerBySpringCGLIB$$148c1ba] is not eligible for getting processed by all BeanPostProcessors (for example: not eligible for auto-proxying)
2019-04-23 11:15:29.431  INFO 22656 --- [restartedMain] trationDelegate$BeanPostProcessorChecker : Bean 'com.alibaba.druid.spring.boot.autoconfigure.DruidDataSourceAutoConfigure' of type [com.alibaba.druid.spring.boot.autoconfigure.DruidDataSourceAutoConfigure$$EnhancerBySpringCGLIB$$cd5518cf] is not eligible for getting processed by all BeanPostProcessors (for example: not eligible for auto-proxying)
2019-04-23 11:15:29.433  INFO 22656 --- [restartedMain] c.a.d.s.b.a.DruidDataSourceAutoConfigure : Init DruidDataSource
2019-04-23 11:15:29.480  INFO 22656 --- [restartedMain] trationDelegate$BeanPostProcessorChecker : Bean 'spring.datasource-org.springframework.boot.autoconfigure.jdbc.DataSourceProperties' of type [org.springframework.boot.autoconfigure.jdbc.DataSourceProperties] is not eligible for getting processed by all BeanPostProcessors (for example: not eligible for auto-proxying)
2019-04-23 11:15:29.487  INFO 22656 --- [restartedMain] trationDelegate$BeanPostProcessorChecker : Bean 'com.alibaba.druid.spring.boot.autoconfigure.stat.DruidFilterConfiguration' of type [com.alibaba.druid.spring.boot.autoconfigure.stat.DruidFilterConfiguration] is not eligible for getting processed by all BeanPostProcessors (for example: not eligible for auto-proxying)
2019-04-23 11:15:29.505  INFO 22656 --- [restartedMain] trationDelegate$BeanPostProcessorChecker : Bean 'statFilter' of type [com.alibaba.druid.filter.stat.StatFilter] is not eligible for getting processed by all BeanPostProcessors (for example: not eligible for auto-proxying)
2019-04-23 11:15:29.754  INFO 22656 --- [restartedMain] com.alibaba.druid.pool.DruidDataSource   : {dataSource-1} inited
2019-04-23 11:15:29.754  INFO 22656 --- [restartedMain] trationDelegate$BeanPostProcessorChecker : Bean 'dataSource' of type [com.alibaba.druid.spring.boot.autoconfigure.DruidDataSourceWrapper] is not eligible for getting processed by all BeanPostProcessors (for example: not eligible for auto-proxying)
2019-04-23 11:15:29.767  INFO 22656 --- [restartedMain] trationDelegate$BeanPostProcessorChecker : Bean 'org.springframework.boot.autoconfigure.jdbc.DataSourceInitializerInvoker' of type [org.springframework.boot.autoconfigure.jdbc.DataSourceInitializerInvoker] is not eligible for getting processed by all BeanPostProcessors (for example: not eligible for auto-proxying)
2019-04-23 11:15:29.986  WARN 22656 --- [restartedMain] c.b.mybatisplus.toolkit.TableInfoHelper  : Warn: Could not find @TableId in Class: com.jh.model.SysRolePerm.
2019-04-23 11:15:29.986  WARN 22656 --- [restartedMain] c.b.mybatisplus.mapper.AutoSqlInjector   : class com.jh.model.SysRolePerm ,Not found @TableId annotation, Cannot use Mybatis-Plus 'xxById' Method.
2019-04-23 11:15:30.025  WARN 22656 --- [restartedMain] c.b.mybatisplus.toolkit.TableInfoHelper  : Warn: Could not find @TableId in Class: com.jh.model.SysUserRole.
2019-04-23 11:15:30.025  WARN 22656 --- [restartedMain] c.b.mybatisplus.mapper.AutoSqlInjector   : class com.jh.model.SysUserRole ,Not found @TableId annotation, Cannot use Mybatis-Plus 'xxById' Method.
2019-04-23 11:15:30.035  INFO 22656 --- [restartedMain] trationDelegate$BeanPostProcessorChecker : Bean 'sqlSessionFactory' of type [org.apache.ibatis.session.defaults.DefaultSqlSessionFactory] is not eligible for getting processed by all BeanPostProcessors (for example: not eligible for auto-proxying)
2019-04-23 11:15:30.038  INFO 22656 --- [restartedMain] trationDelegate$BeanPostProcessorChecker : Bean 'sqlSessionTemplate' of type [org.mybatis.spring.SqlSessionTemplate] is not eligible for getting processed by all BeanPostProcessors (for example: not eligible for auto-proxying)
2019-04-23 11:15:30.039  INFO 22656 --- [restartedMain] trationDelegate$BeanPostProcessorChecker : Bean 'sysUserMapper' of type [org.mybatis.spring.mapper.MapperFactoryBean] is not eligible for getting processed by all BeanPostProcessors (for example: not eligible for auto-proxying)
2019-04-23 11:15:30.041  INFO 22656 --- [restartedMain] trationDelegate$BeanPostProcessorChecker : Bean 'sysUserMapper' of type [com.sun.proxy.$Proxy78] is not eligible for getting processed by all BeanPostProcessors (for example: not eligible for auto-proxying)
2019-04-23 11:15:30.042  INFO 22656 --- [restartedMain] trationDelegate$BeanPostProcessorChecker : Bean 'sysUserServiceImpl' of type [com.jh.service.impl.SysUserServiceImpl] is not eligible for getting processed by all BeanPostProcessors (for example: not eligible for auto-proxying)
2019-04-23 11:15:30.070  INFO 22656 --- [restartedMain] trationDelegate$BeanPostProcessorChecker : Bean 'sysRoleMapper' of type [org.mybatis.spring.mapper.MapperFactoryBean] is not eligible for getting processed by all BeanPostProcessors (for example: not eligible for auto-proxying)
2019-04-23 11:15:30.071  INFO 22656 --- [restartedMain] trationDelegate$BeanPostProcessorChecker : Bean 'sysRoleMapper' of type [com.sun.proxy.$Proxy80] is not eligible for getting processed by all BeanPostProcessors (for example: not eligible for auto-proxying)
2019-04-23 11:15:30.071  INFO 22656 --- [restartedMain] trationDelegate$BeanPostProcessorChecker : Bean 'sysRoleServiceImpl' of type [com.jh.service.impl.SysRoleServiceImpl] is not eligible for getting processed by all BeanPostProcessors (for example: not eligible for auto-proxying)
2019-04-23 11:15:30.081  INFO 22656 --- [restartedMain] trationDelegate$BeanPostProcessorChecker : Bean 'sysPermMapper' of type [org.mybatis.spring.mapper.MapperFactoryBean] is not eligible for getting processed by all BeanPostProcessors (for example: not eligible for auto-proxying)
2019-04-23 11:15:30.082  INFO 22656 --- [restartedMain] trationDelegate$BeanPostProcessorChecker : Bean 'sysPermMapper' of type [com.sun.proxy.$Proxy81] is not eligible for getting processed by all BeanPostProcessors (for example: not eligible for auto-proxying)
2019-04-23 11:15:30.082  INFO 22656 --- [restartedMain] trationDelegate$BeanPostProcessorChecker : Bean 'sysPermServiceImpl' of type [com.jh.service.impl.SysPermServiceImpl] is not eligible for getting processed by all BeanPostProcessors (for example: not eligible for auto-proxying)
2019-04-23 11:15:30.088  INFO 22656 --- [restartedMain] trationDelegate$BeanPostProcessorChecker : Bean 'realm' of type [com.jh.shiro.UserRealm] is not eligible for getting processed by all BeanPostProcessors (for example: not eligible for auto-proxying)
2019-04-23 11:15:30.391  INFO 22656 --- [restartedMain] trationDelegate$BeanPostProcessorChecker : Bean 'sessionStorageEvaluator' of type [org.apache.shiro.web.mgt.DefaultWebSessionStorageEvaluator] is not eligible for getting processed by all BeanPostProcessors (for example: not eligible for auto-proxying)
2019-04-23 11:15:30.392  INFO 22656 --- [restartedMain] trationDelegate$BeanPostProcessorChecker : Bean 'subjectDAO' of type [org.apache.shiro.mgt.DefaultSubjectDAO] is not eligible for getting processed by all BeanPostProcessors (for example: not eligible for auto-proxying)
2019-04-23 11:15:30.392  INFO 22656 --- [restartedMain] trationDelegate$BeanPostProcessorChecker : Bean 'subjectFactory' of type [org.apache.shiro.web.mgt.DefaultWebSubjectFactory] is not eligible for getting processed by all BeanPostProcessors (for example: not eligible for auto-proxying)
2019-04-23 11:15:30.394  INFO 22656 --- [restartedMain] trationDelegate$BeanPostProcessorChecker : Bean 'rememberMeCookieTemplate' of type [org.apache.shiro.web.servlet.SimpleCookie] is not eligible for getting processed by all BeanPostProcessors (for example: not eligible for auto-proxying)
2019-04-23 11:15:30.396  INFO 22656 --- [restartedMain] trationDelegate$BeanPostProcessorChecker : Bean 'rememberMeManager' of type [org.apache.shiro.web.mgt.CookieRememberMeManager] is not eligible for getting processed by all BeanPostProcessors (for example: not eligible for auto-proxying)
2019-04-23 11:15:30.397  INFO 22656 --- [restartedMain] trationDelegate$BeanPostProcessorChecker : Bean 'authenticationStrategy' of type [org.apache.shiro.authc.pam.AtLeastOneSuccessfulStrategy] is not eligible for getting processed by all BeanPostProcessors (for example: not eligible for auto-proxying)
2019-04-23 11:15:30.398  INFO 22656 --- [restartedMain] trationDelegate$BeanPostProcessorChecker : Bean 'authenticator' of type [org.apache.shiro.authc.pam.ModularRealmAuthenticator] is not eligible for getting processed by all BeanPostProcessors (for example: not eligible for auto-proxying)
2019-04-23 11:15:30.398  INFO 22656 --- [restartedMain] trationDelegate$BeanPostProcessorChecker : Bean 'authorizer' of type [org.apache.shiro.authz.ModularRealmAuthorizer] is not eligible for getting processed by all BeanPostProcessors (for example: not eligible for auto-proxying)
2019-04-23 11:15:30.400  INFO 22656 --- [restartedMain] trationDelegate$BeanPostProcessorChecker : Bean 'sessionManager' of type [org.apache.shiro.web.session.mgt.ServletContainerSessionManager] is not eligible for getting processed by all BeanPostProcessors (for example: not eligible for auto-proxying)
2019-04-23 11:15:30.402  INFO 22656 --- [restartedMain] trationDelegate$BeanPostProcessorChecker : Bean 'securityManager' of type [org.apache.shiro.web.mgt.DefaultWebSecurityManager] is not eligible for getting processed by all BeanPostProcessors (for example: not eligible for auto-proxying)
2019-04-23 11:15:30.411  INFO 22656 --- [restartedMain] trationDelegate$BeanPostProcessorChecker : Bean 'authorizationAttributeSourceAdvisor' of type [org.apache.shiro.spring.security.interceptor.AuthorizationAttributeSourceAdvisor] is not eligible for getting processed by all BeanPostProcessors (for example: not eligible for auto-proxying)
2019-04-23 11:15:30.416  INFO 22656 --- [restartedMain] trationDelegate$BeanPostProcessorChecker : Bean 'shiroFilterChainDefinition' of type [org.apache.shiro.spring.web.config.DefaultShiroFilterChainDefinition] is not eligible for getting processed by all BeanPostProcessors (for example: not eligible for auto-proxying)
2019-04-23 11:15:30.417  INFO 22656 --- [restartedMain] trationDelegate$BeanPostProcessorChecker : Bean 'org.apache.shiro.spring.config.web.autoconfigure.ShiroWebFilterConfiguration' of type [org.apache.shiro.spring.config.web.autoconfigure.ShiroWebFilterConfiguration$$EnhancerBySpringCGLIB$$1dc8c6ae] is not eligible for getting processed by all BeanPostProcessors (for example: not eligible for auto-proxying)
2019-04-23 11:15:30.787  INFO 22656 --- [restartedMain] o.s.b.w.embedded.tomcat.TomcatWebServer  : Tomcat initialized with port(s): 8011 (http)
2019-04-23 11:15:30.809  INFO 22656 --- [restartedMain] o.apache.catalina.core.StandardService   : Starting service [Tomcat]
2019-04-23 11:15:30.809  INFO 22656 --- [restartedMain] org.apache.catalina.core.StandardEngine  : Starting Servlet engine: [Apache Tomcat/9.0.17]
2019-04-23 11:15:30.816  INFO 22656 --- [restartedMain] o.a.catalina.core.AprLifecycleListener   : An older version [1.2.14] of the APR based Apache Tomcat Native library is installed, while Tomcat recommends a minimum version of [1.2.21]
2019-04-23 11:15:30.816  INFO 22656 --- [restartedMain] o.a.catalina.core.AprLifecycleListener   : Loaded APR based Apache Tomcat Native library [1.2.14] using APR version [1.6.2].
2019-04-23 11:15:30.816  INFO 22656 --- [restartedMain] o.a.catalina.core.AprLifecycleListener   : APR capabilities: IPv6 [true], sendfile [true], accept filters [false], random [true].
2019-04-23 11:15:30.816  INFO 22656 --- [restartedMain] o.a.catalina.core.AprLifecycleListener   : APR/OpenSSL configuration: useAprConnector [false], useOpenSSL [true]
2019-04-23 11:15:31.865  INFO 22656 --- [restartedMain] o.a.catalina.core.AprLifecycleListener   : OpenSSL successfully initialized [OpenSSL 1.0.2l  25 May 2017]
2019-04-23 11:15:32.017  INFO 22656 --- [restartedMain] o.a.c.c.C.[.[localhost].[/api/v1]        : Initializing Spring embedded WebApplicationContext
2019-04-23 11:15:32.018  INFO 22656 --- [restartedMain] o.s.web.context.ContextLoader            : Root WebApplicationContext: initialization completed in 4022 ms
2019-04-23 11:15:32.231  INFO 22656 --- [restartedMain] o.hibernate.jpa.internal.util.LogHelper  : HHH000204: Processing PersistenceUnitInfo [
	name: default
	...]
2019-04-23 11:15:32.304  INFO 22656 --- [restartedMain] org.hibernate.Version                    : HHH000412: Hibernate Core {5.3.9.Final}
2019-04-23 11:15:32.306  INFO 22656 --- [restartedMain] org.hibernate.cfg.Environment            : HHH000206: hibernate.properties not found
2019-04-23 11:15:32.460  INFO 22656 --- [restartedMain] o.hibernate.annotations.common.Version   : HCANN000001: Hibernate Commons Annotations {5.0.4.Final}
2019-04-23 11:15:32.614  INFO 22656 --- [restartedMain] org.hibernate.dialect.Dialect            : HHH000400: Using dialect: org.hibernate.dialect.MySQL5Dialect
2019-04-23 11:15:32.642  INFO 22656 --- [restartedMain] o.h.e.j.e.i.LobCreatorBuilderImpl        : HHH000423: Disabling contextual LOB creation as JDBC driver reported JDBC version [3] less than 4
2019-04-23 11:15:32.773  INFO 22656 --- [restartedMain] j.LocalContainerEntityManagerFactoryBean : Initialized JPA EntityManagerFactory for persistence unit 'default'
2019-04-23 11:15:33.159  INFO 22656 --- [restartedMain] o.s.s.concurrent.ThreadPoolTaskExecutor  : Initializing ExecutorService 'applicationTaskExecutor'
2019-04-23 11:15:33.205  WARN 22656 --- [restartedMain] aWebConfiguration$JpaWebMvcConfiguration : spring.jpa.open-in-view is enabled by default. Therefore, database queries may be performed during view rendering. Explicitly configure spring.jpa.open-in-view to disable this warning
2019-04-23 11:15:33.507  INFO 22656 --- [restartedMain] o.s.b.d.a.OptionalLiveReloadServer       : LiveReload server is running on port 35729
2019-04-23 11:15:33.569  INFO 22656 --- [restartedMain] o.s.b.w.embedded.tomcat.TomcatWebServer  : Tomcat started on port(s): 8011 (http) with context path '/api/v1'
2019-04-23 11:15:33.571  INFO 22656 --- [restartedMain] com.jh.JHApplication                     : Started JHApplication in 6.263 seconds (JVM running for 7.295)
2019-04-23 11:15:38.437  INFO 22656 --- [http-nio-8011-exec-1] o.a.c.c.C.[.[localhost].[/api/v1]        : Initializing Spring DispatcherServlet 'dispatcherServlet'
2019-04-23 11:15:38.437  INFO 22656 --- [http-nio-8011-exec-1] o.s.web.servlet.DispatcherServlet        : Initializing Servlet 'dispatcherServlet'
2019-04-23 11:15:38.446  INFO 22656 --- [http-nio-8011-exec-1] o.s.web.servlet.DispatcherServlet        : Completed initialization in 9 ms
2019-04-23 11:15:38.482  INFO 22656 --- [http-nio-8011-exec-2] o.apache.tomcat.util.http.parser.Cookie  : A cookie header was received [1553304808; sidebarStatus=1; language=zh] that contained an invalid cookie. That cookie will be ignored.
 Note: further occurrences of this error will be logged at DEBUG level.
2019-04-23 11:15:38.590  INFO 22656 --- [http-nio-8011-exec-2] com.jh.controller.AuthController         : user login, body: {"uname":"admin","pwd":"123456"}
2019-04-23 11:15:38.639 DEBUG 22656 --- [http-nio-8011-exec-2] com.jh.mapper.SysUserMapper.selectList   : ==>  Preparing: SELECT uid AS `uid`,uname,nick,pwd,salt,`lock`,created,updated FROM sys_user WHERE (uname = ?) 
2019-04-23 11:15:38.657 DEBUG 22656 --- [http-nio-8011-exec-2] com.jh.mapper.SysUserMapper.selectList   : ==> Parameters: admin(String)
2019-04-23 11:15:38.822 DEBUG 22656 --- [http-nio-8011-exec-2] com.jh.mapper.SysUserMapper.selectList   : <==      Total: 1
2019-04-23 11:15:38.827 DEBUG 22656 --- [http-nio-8011-exec-2] c.j.m.SysRoleMapper.getRolesByUserId     : ==>  Preparing: SELECT r.rname,r.rval FROM sys_role r, sys_user_role ur WHERE r.rid = ur.role_id AND ur.user_id = ? 
2019-04-23 11:15:38.828 DEBUG 22656 --- [http-nio-8011-exec-2] c.j.m.SysRoleMapper.getRolesByUserId     : ==> Parameters: 986177923098808322(String)
2019-04-23 11:15:38.829 DEBUG 22656 --- [http-nio-8011-exec-2] c.j.m.SysRoleMapper.getRolesByUserId     : <==      Total: 1
2019-04-23 11:15:38.834 DEBUG 22656 --- [http-nio-8011-exec-2] c.j.m.SysPermMapper.getPermsByUserId     : ==>  Preparing: SELECT p.pname,p.pval FROM sys_perm p, sys_role_perm rp, sys_user_role ur WHERE p.pval = rp.perm_val AND ur.role_id = rp.role_id AND ur.user_id = ? 
2019-04-23 11:15:38.835 DEBUG 22656 --- [http-nio-8011-exec-2] c.j.m.SysPermMapper.getPermsByUserId     : ==> Parameters: 986177923098808322(String)
2019-04-23 11:15:38.836 DEBUG 22656 --- [http-nio-8011-exec-2] c.j.m.SysPermMapper.getPermsByUserId     : <==      Total: 1
2019-04-23 11:15:38.850  INFO 22656 --- [http-nio-8011-exec-2] com.jh.controller.AuthController         : user login: admin, sessionId: ED164306A63FBD149FB11E578A1EE767
2019-04-23 11:15:38.945  INFO 22656 --- [http-nio-8011-exec-4] com.jh.controller.AuthController         : get user info, sessionId: ED164306A63FBD149FB11E578A1EE767
2019-04-23 11:22:53.238  INFO 22656 --- [http-nio-8011-exec-8] com.jh.controller.AuthController         : get user info, sessionId: ED164306A63FBD149FB11E578A1EE767
2019-04-23 11:22:57.536  INFO 22656 --- [http-nio-8011-exec-10] com.jh.controller.AuthController         : user logout
2019-04-23 11:22:59.152  INFO 22656 --- [http-nio-8011-exec-2] com.jh.controller.AuthController         : user login, body: {"uname":"admin","pwd":"123456"}
2019-04-23 11:22:59.157 DEBUG 22656 --- [http-nio-8011-exec-2] com.jh.mapper.SysUserMapper.selectList   : ==>  Preparing: SELECT uid AS `uid`,uname,nick,pwd,salt,`lock`,created,updated FROM sys_user WHERE (uname = ?) 
2019-04-23 11:22:59.157 DEBUG 22656 --- [http-nio-8011-exec-2] com.jh.mapper.SysUserMapper.selectList   : ==> Parameters: admin(String)
2019-04-23 11:22:59.159 DEBUG 22656 --- [http-nio-8011-exec-2] com.jh.mapper.SysUserMapper.selectList   : <==      Total: 1
2019-04-23 11:22:59.160 DEBUG 22656 --- [http-nio-8011-exec-2] c.j.m.SysRoleMapper.getRolesByUserId     : ==>  Preparing: SELECT r.rname,r.rval FROM sys_role r, sys_user_role ur WHERE r.rid = ur.role_id AND ur.user_id = ? 
2019-04-23 11:22:59.160 DEBUG 22656 --- [http-nio-8011-exec-2] c.j.m.SysRoleMapper.getRolesByUserId     : ==> Parameters: 986177923098808322(String)
2019-04-23 11:22:59.161 DEBUG 22656 --- [http-nio-8011-exec-2] c.j.m.SysRoleMapper.getRolesByUserId     : <==      Total: 1
2019-04-23 11:22:59.162 DEBUG 22656 --- [http-nio-8011-exec-2] c.j.m.SysPermMapper.getPermsByUserId     : ==>  Preparing: SELECT p.pname,p.pval FROM sys_perm p, sys_role_perm rp, sys_user_role ur WHERE p.pval = rp.perm_val AND ur.role_id = rp.role_id AND ur.user_id = ? 
2019-04-23 11:22:59.162 DEBUG 22656 --- [http-nio-8011-exec-2] c.j.m.SysPermMapper.getPermsByUserId     : ==> Parameters: 986177923098808322(String)
2019-04-23 11:22:59.163 DEBUG 22656 --- [http-nio-8011-exec-2] c.j.m.SysPermMapper.getPermsByUserId     : <==      Total: 1
2019-04-23 11:22:59.165  INFO 22656 --- [http-nio-8011-exec-2] com.jh.controller.AuthController         : user login: admin, sessionId: 6E02C7AA903932A1645E48138BCACB4E
2019-04-23 11:22:59.180  INFO 22656 --- [http-nio-8011-exec-4] com.jh.controller.AuthController         : get user info, sessionId: 6E02C7AA903932A1645E48138BCACB4E
